<?xml version="1.0" encoding="UTF-8"?>
<testsuites>
   <testsuite name="JUnitExampleReport" errors="0" tests="0" failures="0" time="0" timestamp="2015-05-24 10:23:58" />
   <testsuite name=" JUnitExampleReport.constructor" errors="0" skipped="1" tests="3" failures="1" time="0.006" timestamp="2013-05-24T10:23:58">
      <properties>
         <property name="project.jdk.classpath" value="jdk.classpath.1.8" />
      </properties>
      <testcase classname="JUnitExampleReport.constructor" name="should default value to an empty string" time="0.006">
         <failure message="test failure">Assertion failed</failure>
      </testcase>
      <testcase classname="JUnitExampleReport.constructor" name="should default consolidate to true" time="0">
         <skipped />
      </testcase>
      <testcase classname="JUnitXmlReporter.constructor" name="should default useDotNotation to true" time="0" />
   </testsuite>
</testsuites>
